<?xml version="1.0" encoding="UTF-8"?>
<testsuite xmlns:xsi="http://www.w3.org/2001/XMLSchema-instance" xsi:noNamespaceSchemaLocation="https://maven.apache.org/surefire/maven-surefire-plugin/xsd/surefire-test-report-3.0.xsd" version="3.0" name="TestClasses.LoginTest" time="0.254" tests="10" errors="4" skipped="0" failures="3">
  <properties>
[...]
</properties>
  <testcase name="testCheckUserNameCorrectlyButFail" classname="TestClasses.LoginTest" time="0.067"/>
  <testcase name="testreturnLoginStatus" classname="TestClasses.LoginTest" time="0.02">
    <error message="Cannot invoke &quot;String.equals(Object)&quot; because &quot;this.username&quot; is null" type="java.lang.NullPointerException"><![CDATA[java.lang.NullPointerException: Cannot invoke "String.equals(Object)" because "this.username" is null
	at com.mycompany.nkala.ntokozo.prog.part2.Login.loginUser(Login.java:95)
	at com.mycompany.nkala.ntokozo.prog.part2.Login.returnLoginStatus(Login.java:99)
	at TestClasses.LoginTest.testreturnLoginStatus(LoginTest.java:64)
	at java.base/java.lang.reflect.Method.invoke(Method.java:565)
	at java.base/java.util.ArrayList.forEach(ArrayList.java:1604)
	at java.base/java.util.ArrayList.forEach(ArrayList.java:1604)
]]></error>
  </testcase>
  <testcase name="testCheckUsePasswordComplexity" classname="TestClasses.LoginTest" time="0.015">
    <failure message="Your Account is successfully registered! Welcome,kyl. ==&gt; expected: &lt;Your Account is successfully registered! Welcome,kyl.&gt; but was: &lt;Your Account is successfully registered! Welcome, kyl.&gt;" type="org.opentest4j.AssertionFailedError"><![CDATA[org.opentest4j.AssertionFailedError: Your Account is successfully registered! Welcome,kyl. ==> expected: <Your Account is successfully registered! Welcome,kyl.> but was: <Your Account is successfully registered! Welcome, kyl.>
	at org.junit.jupiter.api.AssertionFailureBuilder.build(AssertionFailureBuilder.java:151)
	at org.junit.jupiter.api.AssertionFailureBuilder.buildAndThrow(AssertionFailureBuilder.java:132)
	at org.junit.jupiter.api.AssertEquals.failNotEqual(AssertEquals.java:197)
	at org.junit.jupiter.api.AssertEquals.assertEquals(AssertEquals.java:182)
	at org.junit.jupiter.api.Assertions.assertEquals(Assertions.java:1156)
	at TestClasses.LoginTest.testCheckUsePasswordComplexity(LoginTest.java:33)
	at java.base/java.lang.reflect.Method.invoke(Method.java:565)
	at java.base/java.util.ArrayList.forEach(ArrayList.java:1604)
	at java.base/java.util.ArrayList.forEach(ArrayList.java:1604)
]]></failure>
  </testcase>
  <testcase name="testCheckUsePasswordButFail" classname="TestClasses.LoginTest" time="0.006"/>
  <testcase name="testCheckUserNameCorrectlyFormatted" classname="TestClasses.LoginTest" time="0.006">
    <failure message="Your Account is successfully registered! Welcome,kyl. ==&gt; expected: &lt;Your Account is successfully registered! Welcome,kyl.&gt; but was: &lt;Your Account is successfully registered! Welcome, kyl.&gt;" type="org.opentest4j.AssertionFailedError"><![CDATA[org.opentest4j.AssertionFailedError: Your Account is successfully registered! Welcome,kyl. ==> expected: <Your Account is successfully registered! Welcome,kyl.> but was: <Your Account is successfully registered! Welcome, kyl.>
	at org.junit.jupiter.api.AssertionFailureBuilder.build(AssertionFailureBuilder.java:151)
	at org.junit.jupiter.api.AssertionFailureBuilder.buildAndThrow(AssertionFailureBuilder.java:132)
	at org.junit.jupiter.api.AssertEquals.failNotEqual(AssertEquals.java:197)
	at org.junit.jupiter.api.AssertEquals.assertEquals(AssertEquals.java:182)
	at org.junit.jupiter.api.Assertions.assertEquals(Assertions.java:1156)
	at TestClasses.LoginTest.testCheckUserNameCorrectlyFormatted(LoginTest.java:17)
	at java.base/java.lang.reflect.Method.invoke(Method.java:565)
	at java.base/java.util.ArrayList.forEach(ArrayList.java:1604)
	at java.base/java.util.ArrayList.forEach(ArrayList.java:1604)
]]></failure>
  </testcase>
  <testcase name="testreturnLoginStatusButFail" classname="TestClasses.LoginTest" time="0.004">
    <error message="Cannot invoke &quot;String.equals(Object)&quot; because &quot;this.username&quot; is null" type="java.lang.NullPointerException"><![CDATA[java.lang.NullPointerException: Cannot invoke "String.equals(Object)" because "this.username" is null
	at com.mycompany.nkala.ntokozo.prog.part2.Login.loginUser(Login.java:95)
	at com.mycompany.nkala.ntokozo.prog.part2.Login.returnLoginStatus(Login.java:99)
	at TestClasses.LoginTest.testreturnLoginStatusButFail(LoginTest.java:72)
	at java.base/java.lang.reflect.Method.invoke(Method.java:565)
	at java.base/java.util.ArrayList.forEach(ArrayList.java:1604)
	at java.base/java.util.ArrayList.forEach(ArrayList.java:1604)
]]></error>
  </testcase>
  <testcase name="testloginUser" classname="TestClasses.LoginTest" time="0.004">
    <error message="Cannot invoke &quot;String.equals(Object)&quot; because &quot;this.username&quot; is null" type="java.lang.NullPointerException"><![CDATA[java.lang.NullPointerException: Cannot invoke "String.equals(Object)" because "this.username" is null
	at com.mycompany.nkala.ntokozo.prog.part2.Login.loginUser(Login.java:95)
	at TestClasses.LoginTest.testloginUser(LoginTest.java:79)
	at java.base/java.lang.reflect.Method.invoke(Method.java:565)
	at java.base/java.util.ArrayList.forEach(ArrayList.java:1604)
	at java.base/java.util.ArrayList.forEach(ArrayList.java:1604)
]]></error>
  </testcase>
  <testcase name="testCheckCellPhoneNumber" classname="TestClasses.LoginTest" time="0.005">
    <failure message="Your Account is successfully registered! Welcome,kyl. ==&gt; expected: &lt;Your Account is successfully registered! Welcome,kyl.&gt; but was: &lt;Your Account is successfully registered! Welcome, kyl.&gt;" type="org.opentest4j.AssertionFailedError"><![CDATA[org.opentest4j.AssertionFailedError: Your Account is successfully registered! Welcome,kyl. ==> expected: <Your Account is successfully registered! Welcome,kyl.> but was: <Your Account is successfully registered! Welcome, kyl.>
	at org.junit.jupiter.api.AssertionFailureBuilder.build(AssertionFailureBuilder.java:151)
	at org.junit.jupiter.api.AssertionFailureBuilder.buildAndThrow(AssertionFailureBuilder.java:132)
	at org.junit.jupiter.api.AssertEquals.failNotEqual(AssertEquals.java:197)
	at org.junit.jupiter.api.AssertEquals.assertEquals(AssertEquals.java:182)
	at org.junit.jupiter.api.Assertions.assertEquals(Assertions.java:1156)
	at TestClasses.LoginTest.testCheckCellPhoneNumber(LoginTest.java:49)
	at java.base/java.lang.reflect.Method.invoke(Method.java:565)
	at java.base/java.util.ArrayList.forEach(ArrayList.java:1604)
	at java.base/java.util.ArrayList.forEach(ArrayList.java:1604)
]]></failure>
  </testcase>
  <testcase name="testloginUserButFail" classname="TestClasses.LoginTest" time="0.003">
    <error message="Cannot invoke &quot;String.equals(Object)&quot; because &quot;this.username&quot; is null" type="java.lang.NullPointerException"><![CDATA[java.lang.NullPointerException: Cannot invoke "String.equals(Object)" because "this.username" is null
	at com.mycompany.nkala.ntokozo.prog.part2.Login.loginUser(Login.java:95)
	at TestClasses.LoginTest.testloginUserButFail(LoginTest.java:86)
	at java.base/java.lang.reflect.Method.invoke(Method.java:565)
	at java.base/java.util.ArrayList.forEach(ArrayList.java:1604)
	at java.base/java.util.ArrayList.forEach(ArrayList.java:1604)
]]></error>
  </testcase>
  <testcase name="testCheckCellPhoneNumberButFail" classname="TestClasses.LoginTest" time="0.003"/>
</testsuite>